<?xml version="1.0" encoding="UTF-8"?>
<!-- Generated by org.testng.reporters.JUnitReportReporter -->
<testsuite hostname="DESKTOP-HU45FAP" failures="0" tests="1" name="coreJava.CostructorAndThisKeyWord" time="0.045" errors="0" timestamp="2024-06-20T09:58:51 IST" skipped="0">
  <testcase classname="coreJava.CostructorAndThisKeyWord" name="demo" time="0.045"/>
</testsuite> <!-- coreJava.CostructorAndThisKeyWord -->
