<?xml version="1.0" encoding="UTF-8"?>
<!-- Generated by org.testng.reporters.JUnitReportReporter -->
<testsuite hostname="DESKTOP-HU45FAP" failures="0" tests="2" name="thisSuper.PS1" time="0.091" errors="0" timestamp="2024-06-20T11:24:26 IST" skipped="0">
  <testcase classname="thisSuper.PS1" name="demo" time="0.009"/>
  <testcase classname="thisSuper.PS1" name="doThis" time="0.082"/>
</testsuite> <!-- thisSuper.PS1 -->
